# JRE version: Java(TM) SE Runtime Environment (8.0-b132) (build 1.8.0-b132)
# Java VM: Java HotSpot(TM) 64-Bit Server VM (25.0-b70 mixed mode bsd-amd64 compressed oops)
Heap:
 PSYoungGen      total 12800K, used 4983K [0x0000000795580000, 0x0000000796500000, 0x00000007c0000000)
  eden space 9728K, 31% used [0x0000000795580000,0x000000079587fe08,0x0000000795f00000)
  from space 3072K, 62% used [0x0000000795f00000,0x00000007960de1b8,0x0000000796200000)
  to   space 3072K, 0% used [0x0000000796200000,0x0000000796200000,0x0000000796500000)
 ParOldGen       total 129536K, used 6117K [0x0000000740000000, 0x0000000747e80000, 0x0000000795580000)
  object space 129536K, 4% used [0x0000000740000000,0x00000007405f9628,0x0000000747e80000)
 Metaspace       used 18615K, capacity 18828K, committed 19328K, reserved 1067008K
  class space    used 2260K, capacity 2310K, committed 2432K, reserved 1048576K
GC Heap History (10 events):
Event: 3.743 GC heap before
{Heap before GC invocations=13 (full 0):
 PSYoungGen      total 7168K, used 7031K [0x0000000795580000, 0x0000000795d80000, 0x00000007c0000000)
  eden space 6144K, 100% used [0x0000000795580000,0x0000000795b80000,0x0000000795b80000)
  from space 1024K, 86% used [0x0000000795c80000,0x0000000795d5dea8,0x0000000795d80000)
  to   space 1024K, 0% used [0x0000000795b80000,0x0000000795b80000,0x0000000795c80000)
 ParOldGen       total 129536K, used 1639K [0x0000000740000000, 0x0000000747e80000, 0x0000000795580000)
  object space 129536K, 1% used [0x0000000740000000,0x0000000740199f18,0x0000000747e80000)
 Metaspace       used 10074K, capacity 10270K, committed 10624K, reserved 1058816K
  class space    used 1233K, capacity 1309K, committed 1408K, reserved 1048576K
Event: 3.748 GC heap after
Heap after GC invocations=13 (full 0):
 PSYoungGen      total 7168K, used 995K [0x0000000795580000, 0x0000000796280000, 0x00000007c0000000)
  eden space 6144K, 0% used [0x0000000795580000,0x0000000795580000,0x0000000795b80000)
  from space 1024K, 97% used [0x0000000795b80000,0x0000000795c78db0,0x0000000795c80000)
  to   space 1536K, 0% used [0x0000000796100000,0x0000000796100000,0x0000000796280000)
 ParOldGen       total 129536K, used 2438K [0x0000000740000000, 0x0000000747e80000, 0x0000000795580000)
  object space 129536K, 1% used [0x0000000740000000,0x0000000740261910,0x0000000747e80000)
 Metaspace       used 10074K, capacity 10270K, committed 10624K, reserved 1058816K
  class space    used 1233K, capacity 1309K, committed 1408K, reserved 1048576K
}
Event: 5.666 GC heap before
{Heap before GC invocations=14 (full 0):
 PSYoungGen      total 7168K, used 7139K [0x0000000795580000, 0x0000000796280000, 0x00000007c0000000)
  eden space 6144K, 100% used [0x0000000795580000,0x0000000795b80000,0x0000000795b80000)
  from space 1024K, 97% used [0x0000000795b80000,0x0000000795c78db0,0x0000000795c80000)
  to   space 1536K, 0% used [0x0000000796100000,0x0000000796100000,0x0000000796280000)
 ParOldGen       total 129536K, used 2438K [0x0000000740000000, 0x0000000747e80000, 0x0000000795580000)
  object space 129536K, 1% used [0x0000000740000000,0x0000000740261910,0x0000000747e80000)
 Metaspace       used 12432K, capacity 12638K, committed 12928K, reserved 1060864K
  class space    used 1558K, capacity 1629K, committed 1664K, reserved 1048576K
Event: 5.669 GC heap after
Heap after GC invocations=14 (full 0):
 PSYoungGen      total 11776K, used 1387K [0x0000000795580000, 0x0000000796280000, 0x00000007c0000000)
  eden space 10240K, 0% used [0x0000000795580000,0x0000000795580000,0x0000000795f80000)
  from space 1536K, 90% used [0x0000000796100000,0x000000079625ad30,0x0000000796280000)
  to   space 1536K, 0% used [0x0000000795f80000,0x0000000795f80000,0x0000000796100000)
 ParOldGen       total 129536K, used 3134K [0x0000000740000000, 0x0000000747e80000, 0x0000000795580000)
  object space 129536K, 2% used [0x0000000740000000,0x000000074030f910,0x0000000747e80000)
 Metaspace       used 12432K, capacity 12638K, committed 12928K, reserved 1060864K
  class space    used 1558K, capacity 1629K, committed 1664K, reserved 1048576K
}
Event: 8.593 GC heap before
{Heap before GC invocations=15 (full 0):
 PSYoungGen      total 11776K, used 11627K [0x0000000795580000, 0x0000000796280000, 0x00000007c0000000)
  eden space 10240K, 100% used [0x0000000795580000,0x0000000795f80000,0x0000000795f80000)
  from space 1536K, 90% used [0x0000000796100000,0x000000079625ad30,0x0000000796280000)
  to   space 1536K, 0% used [0x0000000795f80000,0x0000000795f80000,0x0000000796100000)
 ParOldGen       total 129536K, used 3134K [0x0000000740000000, 0x0000000747e80000, 0x0000000795580000)
  object space 129536K, 2% used [0x0000000740000000,0x000000074030f910,0x0000000747e80000)
 Metaspace       used 14021K, capacity 14212K, committed 14464K, reserved 1062912K
  class space    used 1763K, capacity 1854K, committed 1920K, reserved 1048576K
Event: 8.599 GC heap after
Heap after GC invocations=15 (full 0):
 PSYoungGen      total 11776K, used 1519K [0x0000000795580000, 0x0000000796480000, 0x00000007c0000000)
  eden space 10240K, 0% used [0x0000000795580000,0x0000000795580000,0x0000000795f80000)
  from space 1536K, 98% used [0x0000000795f80000,0x00000007960fbd48,0x0000000796100000)
  to   space 2560K, 0% used [0x0000000796200000,0x0000000796200000,0x0000000796480000)
 ParOldGen       total 129536K, used 4660K [0x0000000740000000, 0x0000000747e80000, 0x0000000795580000)
  object space 129536K, 3% used [0x0000000740000000,0x000000074048d330,0x0000000747e80000)
 Metaspace       used 14021K, capacity 14212K, committed 14464K, reserved 1062912K
  class space    used 1763K, capacity 1854K, committed 1920K, reserved 1048576K
}
Event: 9.800 GC heap before
{Heap before GC invocations=16 (full 0):
 PSYoungGen      total 11776K, used 11757K [0x0000000795580000, 0x0000000796480000, 0x00000007c0000000)
  eden space 10240K, 99% used [0x0000000795580000,0x0000000795f7fa28,0x0000000795f80000)
  from space 1536K, 98% used [0x0000000795f80000,0x00000007960fbd48,0x0000000796100000)
  to   space 2560K, 0% used [0x0000000796200000,0x0000000796200000,0x0000000796480000)
 ParOldGen       total 129536K, used 4660K [0x0000000740000000, 0x0000000747e80000, 0x0000000795580000)
  object space 129536K, 3% used [0x0000000740000000,0x000000074048d330,0x0000000747e80000)
 Metaspace       used 16881K, capacity 17072K, committed 17280K, reserved 1064960K
  class space    used 2065K, capacity 2112K, committed 2176K, reserved 1048576K
Event: 9.804 GC heap after
Heap after GC invocations=16 (full 0):
 PSYoungGen      total 12288K, used 2244K [0x0000000795580000, 0x0000000796580000, 0x00000007c0000000)
  eden space 9728K, 0% used [0x0000000795580000,0x0000000795580000,0x0000000795f00000)
  from space 2560K, 87% used [0x0000000796200000,0x0000000796431038,0x0000000796480000)
  to   space 3072K, 0% used [0x0000000795f00000,0x0000000795f00000,0x0000000796200000)
 ParOldGen       total 129536K, used 5412K [0x0000000740000000, 0x0000000747e80000, 0x0000000795580000)
  object space 129536K, 4% used [0x0000000740000000,0x0000000740549330,0x0000000747e80000)
 Metaspace       used 16881K, capacity 17072K, committed 17280K, reserved 1064960K
  class space    used 2065K, capacity 2112K, committed 2176K, reserved 1048576K
}
Event: 21.920 GC heap before
{Heap before GC invocations=17 (full 0):
 PSYoungGen      total 12288K, used 11959K [0x0000000795580000, 0x0000000796580000, 0x00000007c0000000)
  eden space 9728K, 99% used [0x0000000795580000,0x0000000795efce38,0x0000000795f00000)
  from space 2560K, 87% used [0x0000000796200000,0x0000000796431038,0x0000000796480000)
  to   space 3072K, 0% used [0x0000000795f00000,0x0000000795f00000,0x0000000796200000)
 ParOldGen       total 129536K, used 5412K [0x0000000740000000, 0x0000000747e80000, 0x0000000795580000)
  object space 129536K, 4% used [0x0000000740000000,0x0000000740549330,0x0000000747e80000)
 Metaspace       used 18369K, capacity 18544K, committed 18688K, reserved 1064960K
  class space    used 2236K, capacity 2304K, committed 2304K, reserved 1048576K
Event: 21.925 GC heap after
Heap after GC invocations=17 (full 0):
 PSYoungGen      total 12800K, used 1912K [0x0000000795580000, 0x0000000796500000, 0x00000007c0000000)
  eden space 9728K, 0% used [0x0000000795580000,0x0000000795580000,0x0000000795f00000)
  from space 3072K, 62% used [0x0000000795f00000,0x00000007960de1b8,0x0000000796200000)
  to   space 3072K, 0% used [0x0000000796200000,0x0000000796200000,0x0000000796500000)
 ParOldGen       total 129536K, used 6117K [0x0000000740000000, 0x0000000747e80000, 0x0000000795580000)
  object space 129536K, 4% used [0x0000000740000000,0x00000007405f9628,0x0000000747e80000)
 Metaspace       used 18369K, capacity 18544K, committed 18688K, reserved 1064960K
  class space    used 2236K, capacity 2304K, committed 2304K, reserved 1048576K
}

